<?xml version="1.0" encoding="UTF-8"?>
<testng-results skipped="0" failed="0" ignored="0" total="1" passed="1">
  <reporter-output>
  </reporter-output>
  <suite name="Default suite" duration-ms="13347" started-at="2019-11-26T16:34:50Z" finished-at="2019-11-26T16:35:04Z">
    <groups>
    </groups>
    <test name="Default test" duration-ms="13347" started-at="2019-11-26T16:34:50Z" finished-at="2019-11-26T16:35:04Z">
      <class name="TestCases.OCLMS_5893">
        <test-method status="PASS" signature="generateReport()[pri:0, instance:TestCases.OCLMS_5893@402a079c]" name="generateReport" is-config="true" duration-ms="262" started-at="2019-11-26T11:34:50Z" finished-at="2019-11-26T11:34:51Z">
          <reporter-output>
          </reporter-output>
        </test-method> <!-- generateReport -->
        <test-method status="PASS" signature="beforeClass()[pri:0, instance:TestCases.OCLMS_5893@402a079c]" name="beforeClass" is-config="true" duration-ms="3482" started-at="2019-11-26T11:34:51Z" finished-at="2019-11-26T11:34:54Z">
          <reporter-output>
          </reporter-output>
        </test-method> <!-- beforeClass -->
        <test-method status="PASS" signature="methodname(java.lang.reflect.Method)[pri:0, instance:TestCases.OCLMS_5893@402a079c]" name="methodname" is-config="true" duration-ms="6" started-at="2019-11-26T11:34:54Z" finished-at="2019-11-26T11:34:54Z">
          <params>
            <param index="0">
              <value>
                <![CDATA[public void TestCases.OCLMS_5893.MoodleBadPwd() throws java.lang.Exception]]>
              </value>
            </param>
          </params>
          <reporter-output>
          </reporter-output>
        </test-method> <!-- methodname -->
        <test-method status="PASS" signature="MoodleBadPwd()[pri:0, instance:TestCases.OCLMS_5893@402a079c]" name="MoodleBadPwd" duration-ms="8910" started-at="2019-11-26T11:34:54Z" finished-at="2019-11-26T11:35:03Z">
          <reporter-output>
          </reporter-output>
        </test-method> <!-- MoodleBadPwd -->
        <test-method status="PASS" signature="CloseBrowser()[pri:0, instance:TestCases.OCLMS_5893@402a079c]" name="CloseBrowser" is-config="true" duration-ms="661" started-at="2019-11-26T11:35:03Z" finished-at="2019-11-26T11:35:04Z">
          <reporter-output>
          </reporter-output>
        </test-method> <!-- CloseBrowser -->
      </class> <!-- TestCases.OCLMS_5893 -->
    </test> <!-- Default test -->
  </suite> <!-- Default suite -->
</testng-results>
