<?xml version="1.0" encoding="UTF-8"?>
<testng-results skipped="0" failed="0" ignored="0" total="1" passed="1">
  <reporter-output>
  </reporter-output>
  <suite name="Default suite" duration-ms="25207" started-at="2019-12-18T18:19:27Z" finished-at="2019-12-18T18:19:52Z">
    <groups>
    </groups>
    <test name="Default test" duration-ms="25207" started-at="2019-12-18T18:19:27Z" finished-at="2019-12-18T18:19:52Z">
      <class name="TestCases.OCLMS_5989">
        <test-method status="PASS" signature="generateReport()[pri:0, instance:TestCases.OCLMS_5989@6e1ec318]" name="generateReport" is-config="true" duration-ms="295" started-at="2019-12-18T18:19:27Z" finished-at="2019-12-18T18:19:27Z">
          <reporter-output>
          </reporter-output>
        </test-method> <!-- generateReport -->
        <test-method status="PASS" signature="beforeClass()[pri:0, instance:TestCases.OCLMS_5989@6e1ec318]" name="beforeClass" is-config="true" duration-ms="4699" started-at="2019-12-18T18:19:28Z" finished-at="2019-12-18T18:19:32Z">
          <reporter-output>
          </reporter-output>
        </test-method> <!-- beforeClass -->
        <test-method status="PASS" signature="methodname(java.lang.reflect.Method)[pri:0, instance:TestCases.OCLMS_5989@6e1ec318]" name="methodname" is-config="true" duration-ms="6" started-at="2019-12-18T18:19:32Z" finished-at="2019-12-18T18:19:32Z">
          <params>
            <param index="0">
              <value>
                <![CDATA[public void TestCases.OCLMS_5989.VerifyPrivacyPolicy() throws java.lang.Exception]]>
              </value>
            </param>
          </params>
          <reporter-output>
          </reporter-output>
        </test-method> <!-- methodname -->
        <test-method status="PASS" signature="VerifyPrivacyPolicy()[pri:0, instance:TestCases.OCLMS_5989@6e1ec318]" name="VerifyPrivacyPolicy" duration-ms="19565" started-at="2019-12-18T18:19:32Z" finished-at="2019-12-18T18:19:52Z">
          <reporter-output>
          </reporter-output>
        </test-method> <!-- VerifyPrivacyPolicy -->
        <test-method status="PASS" signature="CloseBrowser()[pri:0, instance:TestCases.OCLMS_5989@6e1ec318]" name="CloseBrowser" is-config="true" duration-ms="616" started-at="2019-12-18T18:19:52Z" finished-at="2019-12-18T18:19:52Z">
          <reporter-output>
          </reporter-output>
        </test-method> <!-- CloseBrowser -->
      </class> <!-- TestCases.OCLMS_5989 -->
    </test> <!-- Default test -->
  </suite> <!-- Default suite -->
</testng-results>
